C51 COMPILER V9.01   ISR                                                                   07/03/2020 15:17:27 PAGE 1   


C51 COMPILER V9.01, COMPILATION OF MODULE ISR
OBJECT MODULE PLACED IN .\Out_File\isr.obj
COMPILER INVOKED BY: C:\Keil_v5\C51\BIN\C51.EXE ..\USER\src\isr.c LARGE OPTIMIZE(8,SPEED) BROWSE INCDIR(..\..\Libraries\
                    -libraries;..\..\Libraries\seekfree_libraries;..\..\Libraries\seekfree_peripheral;..\USER\inc;..\USER\src;..\CODE) DEBUG 
                    -OBJECTEXTEND PRINT(.\Out_File\isr.lst) TABS(2) OBJECT(.\Out_File\isr.obj)

line level    source

   1          /*********************************************************************************************************
             -************
   2           * COPYRIGHT NOTICE
   3           * Copyright (c) 2020,逐飞科技
   4           * All rights reserved.
   5           * 技术讨论QQ群：一群：179029047(已满)  二群：244861897(已满)  三群：824575535
   6           *
   7           * 以下所有内容版权均属逐飞科技所有，未经允许不得用于商业用途，
   8           * 欢迎各位使用并传播本程序，修改内容时必须保留逐飞科技的版权声明。
   9           *
  10           * @file          isr
  11           * @company       成都逐飞科技有限公司
  12           * @author        逐飞科技(QQ790875685)
  13           * @version       查看doc内version文件 版本说明
  14           * @Software    MDK5.27
  15           * @Target core   STC8A8K64S4
  16           * @Taobao      https://seekfree.taobao.com/
  17           * @date          2020-4-14
  18           *********************************************************************************************************
             -***********/
  19          #include "headfile.h"
  20          
  21          //UART1中断
  22          void UartIsr() interrupt 4
  23          {
  24   1        uint8 res;
  25   1        static uint8 dwon_count;
  26   1        if (UART1_GET_TX_FLAG)
  27   1        {
  28   2          UART1_CLEAR_TX_FLAG;
  29   2          busy[1] = 0;
  30   2        }
  31   1        if (UART1_GET_RX_FLAG)
  32   1        {
  33   2          UART1_CLEAR_RX_FLAG;
  34   2          //接收数据寄存器为：SBUF
  35   2          res = SBUF;
  36   2          //程序自动下载
  37   2          if (res == 0x7F)
  38   2          {
  39   3            if (dwon_count++ > 20)
  40   3              IAP_CONTR = 0x60;
  41   3          }
  42   2          else
  43   2          {
  44   3            dwon_count = 0;
  45   3          }
  46   2        }
  47   1      }
  48          
  49          //UART2中断
  50          void Uart2Isr() interrupt 8
  51          {
C51 COMPILER V9.01   ISR                                                                   07/03/2020 15:17:27 PAGE 2   

  52   1        if (UART2_GET_TX_FLAG)
  53   1        {
  54   2          UART2_CLEAR_TX_FLAG;
  55   2          busy[2] = 0;
  56   2        }
  57   1        if (UART2_GET_RX_FLAG)
  58   1        {
  59   2          UART2_CLEAR_RX_FLAG;
  60   2          //接收数据寄存器为：S2BUF
  61   2        }
  62   1      }
  63          
  64          //UART3中断
  65          void Uart3Isr() interrupt 17
  66          {
  67   1        if (UART3_GET_TX_FLAG)
  68   1        {
  69   2          UART3_CLEAR_TX_FLAG;
  70   2          busy[3] = 0;
  71   2        }
  72   1        if (UART3_GET_RX_FLAG)
  73   1        {
  74   2          UART3_CLEAR_RX_FLAG;
  75   2          //接收数据寄存器为：S3BUF
  76   2        }
  77   1      }
  78          
  79          //UART4中断
  80          
  81          void Uart4Isr() interrupt 18
  82          {
  83   1        if (UART4_GET_TX_FLAG)
  84   1        {
  85   2          UART4_CLEAR_TX_FLAG;
  86   2          busy[4] = 0;
  87   2        }
  88   1        if (UART4_GET_RX_FLAG)
  89   1        {
  90   2          UART4_CLEAR_RX_FLAG;
  91   2          //S4BUF;
  92   2        }
  93   1      }
  94          
  95          //PCA周期定时器中断
  96          void PCA_Isr() interrupt 7
  97          {
  98   1        if (PCA0_GET_FLAG)
  99   1        {
 100   2          //清除中断标志位
 101   2          PCA_CLEAR_FLAG(PCA_0);
 102   2      
 103   2          //重载计数器
 104   2          pca_reload_counter(PCA_0);
 105   2      
 106   2          //线性CCD采集数据
 107   2          ccd_collect();
 108   2          //采集完成标志位置1
 109   2          tsl1401_finish_flag = 1;
 110   2        }
 111   1      
 112   1        if (PCA1_GET_FLAG)
 113   1        {
C51 COMPILER V9.01   ISR                                                                   07/03/2020 15:17:27 PAGE 3   

 114   2          //清除中断标志位
 115   2          PCA_CLEAR_FLAG(PCA_1);
 116   2          //重载计数器
 117   2          pca_reload_counter(PCA_1);
 118   2        }
 119   1      
 120   1        if (PCA2_GET_FLAG)
 121   1        {
 122   2          //清除中断标志位
 123   2          PCA_CLEAR_FLAG(PCA_2);
 124   2          //重载计数器
 125   2          pca_reload_counter(PCA_2);
 126   2        }
 127   1      
 128   1        //  PCA_3已做延时
 129   1        if (PCA3_GET_FLAG)
 130   1        {
 131   2          //清除中断标志位
 132   2          PCA_CLEAR_FLAG(PCA_3);
 133   2      
 134   2          //    //重载计数器
 135   2          //    pca_reload_counter(PCA_3);
 136   2        }
 137   1      }
 138          
 139          void INT0_Isr() interrupt 0
 140          {
 141   1      }
 142          void INT1_Isr() interrupt 2
 143          {
 144   1      }
 145          void INT2_Isr() interrupt 10
 146          {
 147   1      }
 148          void INT3_Isr() interrupt 11
 149          {
 150   1      }
 151          
 152          void INT4_Isr() interrupt 16
 153          {
 154   1      }
 155          
 156          //void TM0_Isr() interrupt 1
 157          //void TM1_Isr() interrupt 3
 158          //void TM2_Isr() interrupt 12
 159          void TM3_Isr() interrupt 19
 160          {
 161   1        static uchar Time_10ms = 0;
 162   1        static uchar Time_100ms = 0;
 163   1        static uchar Time_200ms = 0;
 164   1        Time_10ms++;
 165   1        Time_100ms++;
 166   1        Time_200ms++;
 167   1        Ang_Velocity_Flag = 1; // 角速度2ms获取一次
 168   1        if (Time_10ms == 5)
 169   1        {
 170   2          Time_10ms = 0;
 171   2          Angle_Flag = 1; // 姿态角度10ms控制一次
 172   2        }
 173   1        if (Time_100ms == 50)
 174   1        {
 175   2          Time_100ms = 0;
C51 COMPILER V9.01   ISR                                                                   07/03/2020 15:17:27 PAGE 4   

 176   2          Speed_Flag = 1; // 速度100ms控制一次
 177   2        }
 178   1        if (Time_200ms == 100)
 179   1        {
 180   2          Time_200ms = 0;
 181   2          Read_Switch();
 182   2        }
 183   1        LED1 = !LED1;    // 打开LED1指示灯
 184   1        Balance_Control(); // 车身平衡控制
 185   1        TIM3_CLEAR_FLAG;   //清除中断标志
 186   1      }
 187          //void TM4_Isr() interrupt 20
 188          //void ADC_Isr() interrupt 5
 189          //void LVD_Isr() interrupt 6
 190          //void SPI_Isr() interrupt 9
 191          //void PWM_Isr() interrupt 22
 192          //void I2C_Isr() interrupt 24
 193          //void PWMFD_Isr() interrupt 23


MODULE INFORMATION:   STATIC OVERLAYABLE
   CODE SIZE        =    409    ----
   CONSTANT SIZE    =   ----    ----
   XDATA SIZE       =      4    ----
   PDATA SIZE       =   ----    ----
   DATA SIZE        =   ----    ----
   IDATA SIZE       =   ----    ----
   BIT SIZE         =   ----    ----
END OF MODULE INFORMATION.


C51 COMPILATION COMPLETE.  0 WARNING(S),  0 ERROR(S)
