C51 COMPILER V9.01   MAIN                                                                  07/15/2020 14:47:16 PAGE 1   


C51 COMPILER V9.01, COMPILATION OF MODULE MAIN
OBJECT MODULE PLACED IN .\Out_File\main.obj
COMPILER INVOKED BY: C:\Keil_v5\C51\BIN\C51.EXE ..\USER\src\main.c LARGE OPTIMIZE(8,SPEED) BROWSE INCDIR(..\..\Libraries
                    -\libraries;..\..\Libraries\seekfree_libraries;..\..\Libraries\seekfree_peripheral;..\USER\inc;..\USER\src;..\CODE) DEBUG
                    - OBJECTEXTEND PRINT(.\Out_File\main.lst) TABS(2) OBJECT(.\Out_File\main.obj)

line level    source

   1          /*********************************************************************************************************
             -************
   2           * COPYRIGHT NOTICE
   3           * Copyright (c) 2020,逐飞科技
   4           * All rights reserved.
   5           * 技术讨论QQ群：一群：179029047(已满)  二群：244861897(已满)  三群：824575535
   6           *
   7           * 以下所有内容版权均属逐飞科技所有，未经允许不得用于商业用途，
   8           * 欢迎各位使用并传播本程序，修改内容时必须保留逐飞科技的版权声明。
   9           *
  10           * @file          main
  11           * @company       成都逐飞科技有限公司
  12           * @author        逐飞科技(QQ790875685)
  13           * @version       查看doc内version文件 版本说明
  14           * @Software    MDK5.27
  15           * @Target core   STC8A8K64S4
  16           * @Taobao      https://seekfree.taobao.com/
  17           * @date          2020-5-13
  18           *********************************************************************************************************
             -***********/
  19          
  20          #include "headfile.h"
  21          void main()
  22          {
  23   1        DisableGlobalIRQ();         //关闭总中断
  24   1        board_init();           //初始化寄存器
  25   1        System_Init();
  26   1        EnableGlobalIRQ();          //开启总中断
  27   1          while(1)    
  28   1          {
  29   2         /********************差比和*****************************/
  30   2              AD_LVBO();
  31   2              Difference = (3800*(RAD-LAD)/(LAD+RAD))*Dif_Nor_coefficient;
  32   2              Difference = range_protect_main(Difference, -Dif_Nor_coefficient, Dif_Nor_coefficient);
  33   2         /**************环岛判断****(In_Roundabout_I>5500)&&********************** */
  34   2              if((LAD>I_LAD)&&(RAD>I_RAD)&&(LADC>I_LADC)&&(RADC>I_RADC)&&(!Out_Roundabout_Flag))//进环岛
  35   2                  {
  36   3                      In_Roundabout_Flag=1;
  37   3                      Roundabout_cnt++;
  38   3                  }
  39   2               
  40   2              if(In_Roundabout_Flag&&Roundabout_cnt>=3)               
  41   2                  {
  42   3                  
  43   3                   
  44   3                  if((In_Out_Roundabout_ture_I<30)&&(In_Out_Roundabout_ture_I>-30))
  45   3                      { 
  46   4                          Difference = ((3800*(RADC-LADC))/(LADC+RADC))*Dif_Nor_coefficient;  
  47   4                          Fres = 4;
  48   4                      }
  49   3                  if((In_Out_Roundabout_ture_I<-360)||(In_Out_Roundabout_ture_I>360))
  50   3              {          
  51   4                Out_Roundabout_Flag=1;
C51 COMPILER V9.01   MAIN                                                                  07/15/2020 14:47:16 PAGE 2   

  52   4                      }    
  53   3                  }
  54   2         
  55   2         /******************环岛后处理***************************/
  56   2               if(Out_Roundabout_Flag)
  57   2              {  
  58   3                  BUZZ_open;
  59   3                  Roundabout_cnt=0;
  60   3                  In_Roundabout_Flag=0;
  61   3                  In_Out_Roundabout_I=0;
  62   3                  In_Out_Roundabout_ture_I=0;
  63   3                  Difference = ((3800*((RAD-0.8*RADC)-(LAD-0.8*LADC)))/(LAD+RAD))*Dif_Nor_coefficient;  
  64   3                  if(Out_Roundabout_I>O_I*100)
  65   3                  {
  66   4                      BUZZ_shut;
  67   4                    Out_Roundabout_Flag=0;
  68   4                      Out_Roundabout_I=0;
  69   4                  }
  70   3              }
  71   2         /**********************转向曲率计算*************************/  // 动态PID控制，获得转向曲率参数  
  72   2              Curvature = PlacePID_Control(&Turn_PID, Turn[Fres], Difference, 0); 
  73   2         /************************制动系统***************************/    
  74   2              if((LAD<=10)&&(RAD<=10))
  75   2              {
  76   3                Run_Flag=0;
  77   3              } 
  78   2              else
  79   2              {
  80   3                  Run_Flag=1;
  81   3              }
  82   2         /************************停车检测***************************/    
  83   2            if(Run_I>20000)
  84   2                Stop_Flag = P44;//干簧管检测
  85   2            //led_turn (LED0); 
  86   2            if(K2==0)   //拨码开关2功能
  87   2          {
  88   3                Testdata_generate();
  89   3          }
  90   2          }  
  91   1      }


MODULE INFORMATION:   STATIC OVERLAYABLE
   CODE SIZE        =   1185    ----
   CONSTANT SIZE    =   ----    ----
   XDATA SIZE       =   ----    ----
   PDATA SIZE       =   ----    ----
   DATA SIZE        =   ----    ----
   IDATA SIZE       =   ----    ----
   BIT SIZE         =   ----    ----
END OF MODULE INFORMATION.


C51 COMPILATION COMPLETE.  0 WARNING(S),  0 ERROR(S)
