C51 COMPILER V9.01   OLED                                                                  07/15/2020 14:47:17 PAGE 1   


C51 COMPILER V9.01, COMPILATION OF MODULE OLED
OBJECT MODULE PLACED IN .\Out_File\oled.obj
COMPILER INVOKED BY: C:\Keil_v5\C51\BIN\C51.EXE ..\CODE\oled.c LARGE OPTIMIZE(8,SPEED) BROWSE INCDIR(..\..\Libraries\lib
                    -raries;..\..\Libraries\seekfree_libraries;..\..\Libraries\seekfree_peripheral;..\USER\inc;..\USER\src;..\CODE) DEBUG OBJ
                    -ECTEXTEND PRINT(.\Out_File\oled.lst) TABS(2) OBJECT(.\Out_File\oled.obj)

line level    source

   1          /*
   2           * @Description  : 
   3           * @Version      : 
   4           * @Date         : 2020-06-29 16:52:25
   5           * @LastEditTime : 2020-06-29 18:21:59
   6           */ 
   7          #include  "oled.h"
   8          
   9          #define Brightness  0xCF 
  10          
  11          uint8  reverse=0;
  12          
  13          const uint8 F6x8[][6] =
  14          {
  15              { 0x00, 0x00, 0x00, 0x00, 0x00, 0x00 },   // sp
  16              { 0x00, 0x00, 0x00, 0x2f, 0x00, 0x00 },   // !
  17              { 0x00, 0x00, 0x07, 0x00, 0x07, 0x00 },   // "
  18              { 0x00, 0x14, 0x7f, 0x14, 0x7f, 0x14 },   // #
  19              { 0x00, 0x24, 0x2a, 0x7f, 0x2a, 0x12 },   // $
  20              { 0x00, 0x62, 0x64, 0x08, 0x13, 0x23 },   // %
  21              { 0x00, 0x36, 0x49, 0x55, 0x22, 0x50 },   // &
  22              { 0x00, 0x00, 0x05, 0x03, 0x00, 0x00 },   // '
  23              { 0x00, 0x00, 0x1c, 0x22, 0x41, 0x00 },   // (
  24              { 0x00, 0x00, 0x41, 0x22, 0x1c, 0x00 },   // )
  25              { 0x00, 0x14, 0x08, 0x3E, 0x08, 0x14 },   // *
  26              { 0x00, 0x08, 0x08, 0x3E, 0x08, 0x08 },   // +
  27              { 0x00, 0x00, 0x00, 0xA0, 0x60, 0x00 },   // ,
  28              { 0x00, 0x08, 0x08, 0x08, 0x08, 0x08 },   // -
  29              { 0x00, 0x00, 0x60, 0x60, 0x00, 0x00 },   // .
  30              { 0x00, 0x20, 0x10, 0x08, 0x04, 0x02 },   // /
  31              { 0x00, 0x3E, 0x51, 0x49, 0x45, 0x3E },   // 0
  32              { 0x00, 0x00, 0x42, 0x7F, 0x40, 0x00 },   // 1
  33              { 0x00, 0x42, 0x61, 0x51, 0x49, 0x46 },   // 2
  34              { 0x00, 0x21, 0x41, 0x45, 0x4B, 0x31 },   // 3
  35              { 0x00, 0x18, 0x14, 0x12, 0x7F, 0x10 },   // 4
  36              { 0x00, 0x27, 0x45, 0x45, 0x45, 0x39 },   // 5
  37              { 0x00, 0x3C, 0x4A, 0x49, 0x49, 0x30 },   // 6
  38              { 0x00, 0x01, 0x71, 0x09, 0x05, 0x03 },   // 7
  39              { 0x00, 0x36, 0x49, 0x49, 0x49, 0x36 },   // 8
  40              { 0x00, 0x06, 0x49, 0x49, 0x29, 0x1E },   // 9
  41              { 0x00, 0x00, 0x36, 0x36, 0x00, 0x00 },   // :
  42              { 0x00, 0x00, 0x56, 0x36, 0x00, 0x00 },   // ;
  43              { 0x00, 0x08, 0x14, 0x22, 0x41, 0x00 },   // <
  44              { 0x00, 0x14, 0x14, 0x14, 0x14, 0x14 },   // =
  45              { 0x00, 0x00, 0x41, 0x22, 0x14, 0x08 },   // >
  46              { 0x00, 0x02, 0x01, 0x51, 0x09, 0x06 },   // ?
  47              { 0x00, 0x32, 0x49, 0x59, 0x51, 0x3E },   // @
  48              { 0x00, 0x7C, 0x12, 0x11, 0x12, 0x7C },   // A
  49              { 0x00, 0x7F, 0x49, 0x49, 0x49, 0x36 },   // B
  50              { 0x00, 0x3E, 0x41, 0x41, 0x41, 0x22 },   // C
  51              { 0x00, 0x7F, 0x41, 0x41, 0x22, 0x1C },   // D
  52              { 0x00, 0x7F, 0x49, 0x49, 0x49, 0x41 },   // E
  53              { 0x00, 0x7F, 0x09, 0x09, 0x09, 0x01 },   // F
C51 COMPILER V9.01   OLED                                                                  07/15/2020 14:47:17 PAGE 2   

  54              { 0x00, 0x3E, 0x41, 0x49, 0x49, 0x7A },   // G
  55              { 0x00, 0x7F, 0x08, 0x08, 0x08, 0x7F },   // H
  56              { 0x00, 0x00, 0x41, 0x7F, 0x41, 0x00 },   // I
  57              { 0x00, 0x20, 0x40, 0x41, 0x3F, 0x01 },   // J
  58              { 0x00, 0x7F, 0x08, 0x14, 0x22, 0x41 },   // K
  59              { 0x00, 0x7F, 0x40, 0x40, 0x40, 0x40 },   // L
  60              { 0x00, 0x7F, 0x02, 0x0C, 0x02, 0x7F },   // M
  61              { 0x00, 0x7F, 0x04, 0x08, 0x10, 0x7F },   // N
  62              { 0x00, 0x3E, 0x41, 0x41, 0x41, 0x3E },   // O
  63              { 0x00, 0x7F, 0x09, 0x09, 0x09, 0x06 },   // P
  64              { 0x00, 0x3E, 0x41, 0x51, 0x21, 0x5E },   // Q
  65              { 0x00, 0x7F, 0x09, 0x19, 0x29, 0x46 },   // R
  66              { 0x00, 0x46, 0x49, 0x49, 0x49, 0x31 },   // S
  67              { 0x00, 0x01, 0x01, 0x7F, 0x01, 0x01 },   // T
  68              { 0x00, 0x3F, 0x40, 0x40, 0x40, 0x3F },   // U
  69              { 0x00, 0x1F, 0x20, 0x40, 0x20, 0x1F },   // V
  70              { 0x00, 0x3F, 0x40, 0x38, 0x40, 0x3F },   // W
  71              { 0x00, 0x63, 0x14, 0x08, 0x14, 0x63 },   // X
  72              { 0x00, 0x07, 0x08, 0x70, 0x08, 0x07 },   // Y
  73              { 0x00, 0x61, 0x51, 0x49, 0x45, 0x43 },   // Z
  74              { 0x00, 0x00, 0x7F, 0x41, 0x41, 0x00 },   // [
  75              { 0x00, 0x55, 0x2A, 0x55, 0x2A, 0x55 },   // 55
  76              { 0x00, 0x00, 0x41, 0x41, 0x7F, 0x00 },   // ]
  77              { 0x00, 0x04, 0x02, 0x01, 0x02, 0x04 },   // ^
  78              { 0x00, 0x40, 0x40, 0x40, 0x40, 0x40 },   // _
  79              { 0x00, 0x00, 0x01, 0x02, 0x04, 0x00 },   // '
  80              { 0x00, 0x20, 0x54, 0x54, 0x54, 0x78 },   // a
  81              { 0x00, 0x7F, 0x48, 0x44, 0x44, 0x38 },   // b
  82              { 0x00, 0x38, 0x44, 0x44, 0x44, 0x20 },   // c
  83              { 0x00, 0x38, 0x44, 0x44, 0x48, 0x7F },   // d
  84              { 0x00, 0x38, 0x54, 0x54, 0x54, 0x18 },   // e
  85              { 0x00, 0x08, 0x7E, 0x09, 0x01, 0x02 },   // f
  86              { 0x00, 0x18, 0xA4, 0xA4, 0xA4, 0x7C },   // g
  87              { 0x00, 0x7F, 0x08, 0x04, 0x04, 0x78 },   // h
  88              { 0x00, 0x00, 0x44, 0x7D, 0x40, 0x00 },   // i
  89              { 0x00, 0x40, 0x80, 0x84, 0x7D, 0x00 },   // j
  90              { 0x00, 0x7F, 0x10, 0x28, 0x44, 0x00 },   // k
  91              { 0x00, 0x00, 0x41, 0x7F, 0x40, 0x00 },   // l
  92              { 0x00, 0x7C, 0x04, 0x18, 0x04, 0x78 },   // m
  93              { 0x00, 0x7C, 0x08, 0x04, 0x04, 0x78 },   // n
  94              { 0x00, 0x38, 0x44, 0x44, 0x44, 0x38 },   // o
  95              { 0x00, 0xFC, 0x24, 0x24, 0x24, 0x18 },   // p
  96              { 0x00, 0x18, 0x24, 0x24, 0x18, 0xFC },   // q
  97              { 0x00, 0x7C, 0x08, 0x04, 0x04, 0x08 },   // r
  98              { 0x00, 0x48, 0x54, 0x54, 0x54, 0x20 },   // s
  99              { 0x00, 0x04, 0x3F, 0x44, 0x40, 0x20 },   // t
 100              { 0x00, 0x3C, 0x40, 0x40, 0x20, 0x7C },   // u
 101              { 0x00, 0x1C, 0x20, 0x40, 0x20, 0x1C },   // v
 102              { 0x00, 0x3C, 0x40, 0x30, 0x40, 0x3C },   // w
 103              { 0x00, 0x44, 0x28, 0x10, 0x28, 0x44 },   // x
 104              { 0x00, 0x1C, 0xA0, 0xA0, 0xA0, 0x7C },   // y
 105              { 0x00, 0x44, 0x64, 0x54, 0x4C, 0x44 },   // z
 106              { 0x14, 0x14, 0x14, 0x14, 0x14, 0x14 },   // horiz lines
 107              { 0xFF, 0xFF, 0xFF, 0xFF, 0xFF, 0xFF }    // cursor
 108          };
 109          
 110          void OLED_WrDat(uint8 dat, uint8 revs)
 111          {
 112   1             uint8 i=8; 
 113   1        
 114   1             CS_LOW;
 115   1             DC_HIGH;
C51 COMPILER V9.01   OLED                                                                  07/15/2020 14:47:17 PAGE 3   

 116   1              _nop_(); 
 117   1              _nop_(); 
 118   1             D0_LOW;
 119   1              _nop_();
 120   1              _nop_(); 
 121   1             if(revs) dat=~dat;
 122   1        while(i--)
 123   1        {
 124   2          if(dat&0x80)
 125   2          {
 126   3            D1_HIGH;
 127   3          }
 128   2          else
 129   2          {
 130   3            D1_LOW;
 131   3          }
 132   2            _nop_();  
 133   2            _nop_(); 
 134   2          D0_HIGH;
 135   2            _nop_();  
 136   2            _nop_(); 
 137   2          D0_LOW;  
 138   2          dat<<=1;    
 139   2        }
 140   1        CS_HIGH;
 141   1      }
 142          void OLED_WrCmd(uint8 cmd)
 143          {
 144   1          uint8 i=8;
 145   1          CS_LOW;
 146   1          DC_LOW;
 147   1          _nop_(); 
 148   1          _nop_(); 
 149   1          D0_LOW;   
 150   1          _nop_(); 
 151   1          _nop_(); 
 152   1        while(i--)
 153   1        {
 154   2          if(cmd&0x80)
 155   2          {
 156   3            D1_HIGH;
 157   3          }
 158   2          else
 159   2          {
 160   3           D1_LOW; 
 161   3          }
 162   2          D0_HIGH;
 163   2          _nop_();   
 164   2          _nop_();  
 165   2          D0_LOW;  
 166   2          cmd<<=1;   
 167   2        }   
 168   1        CS_HIGH;
 169   1      }
 170          void OLED_Set_Pos(uint8 x, uint8 y)
 171          { 
 172   1        OLED_WrCmd(0xb0+y);
 173   1        OLED_WrCmd(((x&0xf0)>>4)|0x10);
 174   1        OLED_WrCmd(x&0x0f|0x00);
 175   1      } 
 176          
 177          void OLED_Fill(uint8 bmp_dat)
C51 COMPILER V9.01   OLED                                                                  07/15/2020 14:47:17 PAGE 4   

 178          {
 179   1        uint8 y,x;
 180   1        
 181   1        for(y=0;y<8;y++)
 182   1        {
 183   2          OLED_WrCmd(0xb0+y);   //0xb0+0~7Ë°®Á§∫È°µ0~È°µ7?
 184   2          OLED_WrCmd(0x01);       //0x00+0~16Ë°®Á§∫Â∞Ü128ÂàóÂàÜÊàê16ÁªÑÂÖ∂Âú∞ÂùÄÂú®ÊüêÁªÑ‰∏≠ÁöÑÁ¨¨Âá†Âàó
 185   2          OLED_WrCmd(0x10);      //0x10+0~16Ë°®Á§∫Â∞Ü128ÂàóÂàÜÊàê16ÁªÑÂÖ∂Âú∞ÂùÄÊâÄÂú®Á¨¨Âá†ÁªÑ
 186   2          for(x=0;x<128;x++)
 187   2            OLED_WrDat(bmp_dat,0);
 188   2        }
 189   1      }
 190          
 191          void OLED_CLS(void)
 192          {
 193   1        uint8 y,x;  
 194   1        for(y=0;y<8;y++)
 195   1        {
 196   2          OLED_WrCmd(0xb0+y);
 197   2          OLED_WrCmd(0x01);
 198   2          OLED_WrCmd(0x10); 
 199   2          for(x=0;x<128;x++)
 200   2                OLED_WrDat(0,0);
 201   2        }
 202   1      }
 203          void OLED_DLY_ms(int ms)
 204          {                         
 205   1        int a;
 206   1        while(ms)
 207   1        {
 208   2          a=13350;
 209   2          while(a--);
 210   2          ms--;
 211   2        }
 212   1        return;
 213   1      }
 214          
 215          void OLED_Init(void)        
 216          {
 217   1        gpio_mode(P2_0, GPO_PP); //DC
 218   1        gpio_mode(P2_3, GPO_PP); //D1
 219   1        gpio_mode(P2_5, GPO_PP); //D0
 220   1        gpio_mode(P2_1, GPO_PP); //RST
 221   1        gpio_mode(P2_0, GPO_PP); //CS
 222   1        RST = 0;
 223   1        DC = 0;
 224   1        D0 = 0;
 225   1        D1 = 0;
 226   1        OLED_DLY_ms(50);
 227   1       
 228   1        CS_HIGH;
 229   1        D0_HIGH;
 230   1        RST_LOW;
 231   1        OLED_DLY_ms(60);
 232   1        RST_HIGH;
 233   1      
 234   1      
 235   1        OLED_WrCmd(0xae);//--turn off oled panel
 236   1        OLED_WrCmd(0x00);//---set low column address
 237   1        OLED_WrCmd(0x10);//---set high column address
 238   1        OLED_WrCmd(0x40);//--set start line address  Set Mapping RAM Display Start Line (0x00~0x3F)
 239   1        OLED_WrCmd(0x81);//--set contrast control register
C51 COMPILER V9.01   OLED                                                                  07/15/2020 14:47:17 PAGE 5   

 240   1       
 241   1        OLED_WrCmd(0xcf); // Set SEG Output Current Brightness
 242   1        OLED_WrCmd(0xa1);//--Set SEG/Column Mapping     0xa0Â∑¶Âè≥ÂèçÁΩÆ 0xa1Ê≠£Â∏∏
 243   1        OLED_WrCmd(0xc8);//Set COM/Row Scan Direction   0xc0‰∏ä‰∏ãÂèçÁΩÆ 0xc8Ê≠£Â∏∏
 244   1        
 245   1        OLED_WrCmd(0xa6);//--set normal display
 246   1        OLED_WrCmd(0xa8);//--set multiplex ratio(1 to 64)
 247   1        OLED_WrCmd(0x3f);//--1/64 duty
 248   1        OLED_WrCmd(0xd3);//-set display offset  Shift Mapping RAM Counter (0x00~0x3F)
 249   1        OLED_WrCmd(0x00);//-not offset
 250   1        OLED_WrCmd(0xd5);//--set display clock divide ratio/oscillator frequency
 251   1        OLED_WrCmd(0x80);//--set divide ratio, Set Clock as 100 Frames/Sec
 252   1        OLED_WrCmd(0xd9);//--set pre-charge period
 253   1        OLED_WrCmd(0xf1);//Set Pre-Charge as 15 Clocks & Discharge as 1 Clock
 254   1        OLED_WrCmd(0xda);//--set com pins hardware configuration
 255   1        OLED_WrCmd(0x12);
 256   1        OLED_WrCmd(0xdb);//--set vcomh
 257   1        OLED_WrCmd(0x40);//Set VCOM Deselect Level
 258   1        OLED_WrCmd(0x20);//-Set Page Addressing Mode (0x00/0x01/0x02)
 259   1        OLED_WrCmd(0x02);//
 260   1        OLED_WrCmd(0x8d);//--set Charge Pump enable/disable
 261   1        OLED_WrCmd(0x14);//--set(0x10) disable
 262   1        OLED_WrCmd(0xa4);// Disable Entire Display On (0xa4/0xa5)
 263   1        OLED_WrCmd(0xa6);// Disable Inverse Display On (0xa6/a7) 
 264   1        OLED_WrCmd(0xaf);//--turn on oled panel
 265   1        OLED_Fill(0);  //ÂàùÂßãÊ∏ÖÂ±è
 266   1        OLED_Set_Pos(0,0);  
 267   1        
 268   1      } 
 269          //==============================================================
 270          //ÂáΩÊï∞ÂêçÔºöOLED_P6x8Str(uint8 x,uint8 y,uint8 *p)
 271          //ÂäüËÉΩÊèèËø∞ÔºöÂÜôÂÖ•‰∏ÄÁªÑÊ†áÂáÜASCIIÂ≠óÁ¨¶‰∏≤
 272          //ÂèÇÊï∞ÔºöÊòæÁ§∫ÁöÑ‰ΩçÁΩÆÔºàx,yÔºâÔºåy‰∏∫È°µËåÉÂõ¥0ÔΩû7ÔºåË¶ÅÊòæÁ§∫ÁöÑÂ≠óÁ¨¶‰∏≤
 273          //ËøîÂõûÔºöÊó†
 274          //==============================================================  
 275          void OLED_P6x8Str(uint8 x,uint8 y,char ch[])
 276          {
 277   1        uint8 c=0,i=0,j=0,rs=0;      
 278   1        while (ch[j]!='\0')
 279   1        {    
 280   2          c =ch[j]-32;
 281   2          if(reverse&&c) rs=1;  //ÊòØÂê¶ÂèçËΩ¨ÊòæÁ§∫
 282   2                      else rs=0;      
 283   2          if(x>126){x=0;y++;}
 284   2          OLED_Set_Pos(x,y);    
 285   2          for(i=0;i<6;i++)     
 286   2            OLED_WrDat(F6x8[c][i],rs);  
 287   2          x+=6;
 288   2          j++;
 289   2        }
 290   1      }
 291          
 292          //ÊòæÁ§∫‰∏Ä‰∏™6x8Ê†áÂáÜASCIIÂ≠óÁ¨¶
 293          void OLED_P6x8Char(char ch)
 294          {
 295   1         unsigned char c=0,i=0,rs=0;       
 296   1        c =ch-32;
 297   1               if(reverse&&c) rs=1;
 298   1        for(i=0;i<6;i++)
 299   1        {     
 300   2                    OLED_WrDat(F6x8[c][i],rs);  
 301   2        }
C51 COMPILER V9.01   OLED                                                                  07/15/2020 14:47:17 PAGE 6   

 302   1      }
 303          
 304          //Â∞Ü‰∏Ä‰∏™charÂûãÊï∞ËΩ¨Êç¢Êàê3‰ΩçÊï∞ËøõË°åÊòæÁ§∫
 305          void OLED_PrintValueC(unsigned char x, unsigned char y, int dat)
 306          {unsigned char i,j,k;
 307   1              OLED_Set_Pos(x,y); 
 308   1        
 309   1        if(dat<0)
 310   1        {
 311   2          OLED_P6x8Char('-');
 312   2          dat = - dat;  
 313   2        }
 314   1        else
 315   1        {
 316   2          OLED_P6x8Char('+');
 317   2        }
 318   1        i = dat/100;
 319   1        j = (dat%100)/10;
 320   1        k = dat%10;
 321   1        OLED_P6x8Char(i+48);
 322   1        OLED_P6x8Char(j+48);
 323   1        OLED_P6x8Char(k+48);    
 324   1      }
 325          //ÂäüËÉΩÊèèËø∞ÔºöÂ∞Ü‰∏Ä‰∏™intÂûãÊï∞ËΩ¨Êç¢Êàê5‰ΩçÊï∞ËøõË°åÊòæÁ§∫
 326          void OLED_PrintValueI(unsigned char x, unsigned char y, int dat)
 327          {   unsigned char i,j,k,l,m,fn=0;     
 328   1              OLED_Set_Pos(x,y); 
 329   1         
 330   1              if(dat < 0)
 331   1        {
 332   2          OLED_P6x8Char('-');
 333   2          dat = - dat;  
 334   2        }
 335   1        l  = dat/10000;
 336   1        m= (dat%10000)/1000;
 337   1        i = (dat%1000)/100;
 338   1        j = (dat%100)/10;
 339   1        k = dat%10;
 340   1        
 341   1              if(l)
 342   1              {
 343   2                OLED_P6x8Char(l+48);
 344   2                fn=1;
 345   2              }
 346   1        if(m||fn)
 347   1              {
 348   2                OLED_P6x8Char(m+48);
 349   2                fn=1;
 350   2              }
 351   1        if(i||fn)
 352   1              {
 353   2                OLED_P6x8Char(i+48);
 354   2                fn=1;
 355   2              }
 356   1        if(j||fn)
 357   1                OLED_P6x8Char(j+48);
 358   1        OLED_P6x8Char(k+48);  
 359   1      }
 360          //ÊòæÁ§∫unsigned intÂûã
 361           void OLED_PrintValueFP(unsigned int dat, unsigned char num)
 362           {     unsigned char m,i,j,k;     
 363   1        OLED_P6x8Char('.');
C51 COMPILER V9.01   OLED                                                                  07/15/2020 14:47:17 PAGE 7   

 364   1              
 365   1        m= dat/1000;
 366   1        i = (dat%1000)/100;
 367   1        j = (dat%100)/10;
 368   1        k = dat%10;
 369   1        switch(num)
 370   1        {
 371   2      
 372   2          case 1:   OLED_P6x8Char(k+48);
 373   2              break;
 374   2          case 2:   OLED_P6x8Char(j+48);
 375   2              OLED_P6x8Char(k+48);
 376   2              break;
 377   2          case 3: OLED_P6x8Char(i+48);
 378   2              OLED_P6x8Char(j+48);
 379   2              OLED_P6x8Char(k+48);
 380   2              break;
 381   2          case 4:   OLED_P6x8Char(m+48);
 382   2              OLED_P6x8Char(i+48);
 383   2              OLED_P6x8Char(j+48);
 384   2              OLED_P6x8Char(k+48);
 385   2              break;  
 386   2        }
 387   1              OLED_P6x8Char(' ');     //Ê∏ÖÁ©∫Âêé‰∏Ä‰Ωç
 388   1       }
 389          
 390          //ÂäüËÉΩÊèèËø∞ÔºöÂ∞Ü‰∏Ä‰∏™floatÂûãÊï∞ËΩ¨Êç¢Êàê2‰ΩçÊï¥Êï∞ÈÉ®ÂàÜÂ∏¶4‰ΩçÂ∞èÊï∞ÂíåÁ¨¶Âè∑ÁöÑÊï∞ÊçÆÂπ∂ËøõË°åÊòæÁ
             -§∫
 391           void OLED_PrintValueF(unsigned char x, unsigned char y, float dat, unsigned char num)
 392           {
 393   1        unsigned char l,m,i,j,k;  //wan
 394   1        unsigned char Integer_Len = 6; //Êï¥Êï∞‰ΩçÊï∞  
 395   1        int Integer_Part   ;
 396   1          int32 Float_Part;
 397   1              if(dat>0)       
 398   1              dat=dat+0.00001;
 399   1          Integer_Part = (int)dat; //Êï¥Êï∞ÈÉ®ÂàÜ
 400   1          Float_Part = (int32)((dat - (int)dat)*100000); //ÂèñÂ∞èÊï∞‰ΩçÂêé5‰Ωç
 401   1              OLED_Set_Pos(x,y); 
 402   1        //Êï¥Êï∞ÈÉ®ÂàÜÊòæÁ§∫
 403   1               
 404   1           
 405   1              
 406   1              if(dat<-0.00001)
 407   1              OLED_P6x8Char('-'); 
 408   1      
 409   1        if(Integer_Part < 0)Integer_Part = - Integer_Part;  //ÂéªÊéâÊï¥Êï∞ÈÉ®ÂàÜË¥üÂè∑
 410   1        l  = Integer_Part/10000;
 411   1        m = (Integer_Part%10000)/1000;
 412   1        i = (Integer_Part%1000)/100;
 413   1        j = (Integer_Part%100)/10;
 414   1        k = Integer_Part%10;
 415   1              
 416   1              
 417   1              
 418   1              
 419   1        if (l != 0)  //‰∫î‰Ωç
 420   1        {
 421   2                      Integer_Len = 5;
 422   2          OLED_P6x8Char(l+48);
 423   2          OLED_P6x8Char(m+48);
 424   2          OLED_P6x8Char(i+48);
C51 COMPILER V9.01   OLED                                                                  07/15/2020 14:47:17 PAGE 8   

 425   2          OLED_P6x8Char(j+48);
 426   2          OLED_P6x8Char(k+48);
 427   2        }
 428   1        else if(m != 0) //Âõõ‰Ωç
 429   1        {
 430   2          Integer_Len = 4;
 431   2          OLED_P6x8Char(m+48);
 432   2          OLED_P6x8Char(i+48);
 433   2          OLED_P6x8Char(j+48);
 434   2          OLED_P6x8Char(k+48);
 435   2        }
 436   1          else if(i != 0) //‰∏â‰Ωç
 437   1          {
 438   2            Integer_Len = 3;
 439   2            OLED_P6x8Char(i+48);
 440   2          OLED_P6x8Char(j+48);
 441   2          OLED_P6x8Char(k+48);
 442   2          }
 443   1          else if(j != 0) //‰∏§‰Ωç
 444   1          {
 445   2              Integer_Len = 2;  
 446   2            OLED_P6x8Char(j+48);
 447   2          OLED_P6x8Char(k+48);
 448   2          }
 449   1        else  
 450   1        {
 451   2          Integer_Len = 1;
 452   2          OLED_P6x8Char(k+48);
 453   2        } 
 454   1              if(Float_Part < 0)Float_Part = -Float_Part;
 455   1        switch(num-Integer_Len)
 456   1        {
 457   2          case 0:   OLED_P6x8Char(' '); break;
 458   2          case 1:  OLED_PrintValueFP((unsigned int)(Float_Part /10000),num-Integer_Len);break;
 459   2          case 2:  OLED_PrintValueFP((unsigned int)(Float_Part /1000),num-Integer_Len);break;
 460   2          case 3:  OLED_PrintValueFP((unsigned int)(Float_Part /100),num-Integer_Len);break;
 461   2          case 4:  OLED_PrintValueFP((unsigned int)(Float_Part/10),num-Integer_Len);break;          
 462   2        }
 463   1       }


MODULE INFORMATION:   STATIC OVERLAYABLE
   CODE SIZE        =   1836    ----
   CONSTANT SIZE    =   ----    ----
   XDATA SIZE       =    559      40
   PDATA SIZE       =   ----    ----
   DATA SIZE        =   ----    ----
   IDATA SIZE       =   ----    ----
   BIT SIZE         =   ----    ----
END OF MODULE INFORMATION.


C51 COMPILATION COMPLETE.  0 WARNING(S),  0 ERROR(S)
