C51 COMPILER V9.01   SEEKFREE_WIRELESS                                                     07/15/2020 14:47:15 PAGE 1   


C51 COMPILER V9.01, COMPILATION OF MODULE SEEKFREE_WIRELESS
OBJECT MODULE PLACED IN .\Out_File\SEEKFREE_WIRELESS.obj
COMPILER INVOKED BY: C:\Keil_v5\C51\BIN\C51.EXE ..\..\Libraries\seekfree_peripheral\SEEKFREE_WIRELESS.c LARGE OPTIMIZE(8
                    -,SPEED) BROWSE INCDIR(..\..\Libraries\libraries;..\..\Libraries\seekfree_libraries;..\..\Libraries\seekfree_peripheral;.
                    -.\USER\inc;..\USER\src;..\CODE) DEBUG OBJECTEXTEND PRINT(.\Out_File\SEEKFREE_WIRELESS.lst) TABS(2) OBJECT(.\Out_File\SEE
                    -KFREE_WIRELESS.obj)

line level    source

   1          /*********************************************************************************************************
             -************
   2           * COPYRIGHT NOTICE
   3           * Copyright (c) 2018,ɿƼ
   4           * All rights reserved.
   5           * QQȺһȺ179029047()  Ⱥ244861897
   6           *
   7           * ݰȨɿƼУδҵ;
   8           * ӭλʹò޸ʱ뱣ɿƼİȨ
   9           *
  10           * @file          ɿƼתģ
  11           * @company       ɶɿƼ޹˾
  12           * @author        ɿƼ(QQ3184284598)
  13           * @version       鿴docversionļ 汾˵
  14           * @Software    IAR 8.3 or MDK 5.24
  15           * @Taobao      https://seekfree.taobao.com/
  16           * @date          2019-03-27
  17           * @note    
  18                    ߶壺
  19                    ------------------------------------ 
  20                        ת       Ƭ                        
  21                        RX              鿴SEEKFREE_WIRELESS.hļеWIRELESS_UART_TX궨
  22                        TX              鿴SEEKFREE_WIRELESS.hļеWIRELESS_UART_RX궨
  23                        RTS             鿴SEEKFREE_WIRELESS.hļеRTS_PIN궨
  24                        CMD             鿴SEEKFREE_WIRELESS.hļеCMD_PIN궨
  25                    ------------------------------------ 
  26           *********************************************************************************************************
             -***********/
  27          
  28          
  29          #include "SEEKFREE_WIRELESS.h"
  30          #include "zf_uart.h"
  31          
  32          
  33          
  34          
  35          
  36          
  37          //--------------------------------------------------------------------------------------------------------
             ------------
  38          //  @brief      תģʼ
  39          //  @param      NULL
  40          //  @return     void          
  41          //  @since      v1.0
  42          //  Sample usage: 
  43          //  @note       
  44          //--------------------------------------------------------------------------------------------------------
             ------------
  45          void seekfree_wireless_init(void)
  46          {
  47   1          //ʹõĲΪ115200ΪתģĬϲʣģ鲢޸ĴڵĲ
             -
C51 COMPILER V9.01   SEEKFREE_WIRELESS                                                     07/15/2020 14:47:15 PAGE 2   

  48   1      
  49   1        uart_init(WIRELESS_UART, WIRELESS_UART_RX_PIN, WIRELESS_UART_TX_PIN, WIRELESS_UART_BAUD, WIRELESS_UART_TI
             -M);  //ʼ    
  50   1           
  51   1          
  52   1      }
  53          
  54          //--------------------------------------------------------------------------------------------------------
             ------------
  55          //  @brief      תģ ͺ
  56          //  @param      buff        Ҫ͵ݵַ
  57          //  @param      len         ͳ
  58          //  @return     uint32      ʣδ͵ֽ   
  59          //  @since      v1.0
  60          //  Sample usage: 
  61          //  @note       
  62          //--------------------------------------------------------------------------------------------------------
             ------------
  63          uint32 seekfree_wireless_send_buff(uint8 *buff, uint32 len)
  64          {
  65   1          while(len>30)
  66   1          {
  67   2              if(RTS_PIN == 1)  
  68   2              {
  69   3                  return len;//ģæ,ǰʹwhileȴ ʹúע͵whileȴ滻if
             -
  70   3              }
  71   2              //while(RTS_PIN);  //RTSΪ͵ƽ
  72   2              uart_putbuff(WIRELESS_UART, buff, 30);
  73   2      
  74   2              buff += 30; //ַƫ
  75   2              len -= 30;//
  76   2          }
  77   1          
  78   1          if(RTS_PIN == 1)  
  79   1          {
  80   2              return len;//ģæ,ǰʹwhileȴ ʹúע͵whileȴ滻if
  81   2          }
  82   1          //while(RTS_PIN);  //RTSΪ͵ƽ
  83   1          uart_putbuff(WIRELESS_UART, buff, len);//
  84   1          
  85   1          return 0;
  86   1      }


MODULE INFORMATION:   STATIC OVERLAYABLE
   CODE SIZE        =    197    ----
   CONSTANT SIZE    =   ----    ----
   XDATA SIZE       =   ----       7
   PDATA SIZE       =   ----    ----
   DATA SIZE        =   ----    ----
   IDATA SIZE       =   ----    ----
   BIT SIZE         =   ----    ----
END OF MODULE INFORMATION.


C51 COMPILATION COMPLETE.  0 WARNING(S),  0 ERROR(S)
