C51 COMPILER V9.01   SEEKFREE_TSL1401                                                      07/15/2020 14:47:15 PAGE 1   


C51 COMPILER V9.01, COMPILATION OF MODULE SEEKFREE_TSL1401
OBJECT MODULE PLACED IN .\Out_File\SEEKFREE_TSL1401.obj
COMPILER INVOKED BY: C:\Keil_v5\C51\BIN\C51.EXE ..\..\Libraries\seekfree_peripheral\SEEKFREE_TSL1401.c LARGE OPTIMIZE(8,
                    -SPEED) BROWSE INCDIR(..\..\Libraries\libraries;..\..\Libraries\seekfree_libraries;..\..\Libraries\seekfree_peripheral;..
                    -\USER\inc;..\USER\src;..\CODE) DEBUG OBJECTEXTEND PRINT(.\Out_File\SEEKFREE_TSL1401.lst) TABS(2) OBJECT(.\Out_File\SEEKF
                    -REE_TSL1401.obj)

line level    source

   1          /*********************************************************************************************************
             -************
   2           * COPYRIGHT NOTICE
   3           * Copyright (c) 2020,é€é£ç§‘æŠ€
   4           * All rights reserved.
   5           * æŠ€æœ¯è®¨è®ºQQç¾¤ï¼šä¸€ç¾¤ï¼š179029047(å·²æ»¡)  äºŒç¾¤ï¼š244861897(å·²æ»¡)  ä¸‰ç¾¤ï¼š824575535
   6           *
   7           * ä»¥ä¸‹æ‰€æœ‰å†…å®¹ç‰ˆæƒå‡å±é€é£ç§‘æŠ€æ‰€æœ‰ï¼Œæœªç»å…è®¸ä¸å¾—ç”¨äºå•†ä¸šç”¨é€”ï¼Œ
   8           * æ¬¢è¿å„ä½ä½¿ç”¨å¹¶ä¼ æ’­æœ¬ç¨‹åºï¼Œä¿®æ”¹å†…å®¹æ—¶å¿…é¡»ä¿ç•™é€é£ç§‘æŠ€çš„ç‰ˆæƒå£°æ˜ã€‚
   9           *
  10           * @file          main
  11           * @company       æˆéƒ½é€é£ç§‘æŠ€æœ‰é™å…¬å¸
  12           * @author        é€é£ç§‘æŠ€(QQ790875685)
  13           * @version       æŸ¥çœ‹docå†…versionæ–‡ä»¶ ç‰ˆæœ¬è¯´æ˜
  14           * @Software    MDK FOR C51 V9.60
  15           * @Target core   STC8A8K64S4
  16           * @Taobao      https://seekfree.taobao.com/
  17           * @date          2020-4-14
  18           * @note  
  19                    TSL1401æ¥çº¿å®šä¹‰ï¼š
  20                    ------------------------------------ 
  21                        æ¨¡å—ç®¡è„š        å•ç‰‡æœºç®¡è„š
  22                        CCD_AO        æŸ¥çœ‹SEEKFREE_TSL1401.hæ–‡ä»¶ä¸­çš„AD_CHANNEL å®å®šä¹‰
  23                        CCD_CLK       æŸ¥çœ‹SEEKFREE_TSL1401.hæ–‡ä»¶ä¸­çš„CCD_CLK_PINå®å®šä¹‰
  24                        CCD_SI        æŸ¥çœ‹SEEKFREE_TSL1401.hæ–‡ä»¶ä¸­çš„CCD_SI_PIN å®å®šä¹‰
  25                    ------------------------------------ 
  26           *********************************************************************************************************
             -***********/
  27          
  28          
  29          
  30          #include "SEEKFREE_TSL1401.h"
  31          #include "zf_adc.h"
  32          #include "zf_pca_pit.h"
  33          uint8 tsl1401_finish_flag;
  34          uint16 ccd_data[128];                           //CCDæ•°æ®
  35          
  36          //--------------------------------------------------------------------------------------------------------
             ------------
  37          //  @brief      TSL1401çº¿é˜µCCDåˆå§‹åŒ–
  38          //  @param      NULL
  39          //  @return     void
  40          //  @since      v1.0
  41          //  Sample usage:     
  42          //--------------------------------------------------------------------------------------------------------
             ------------
  43          void ccd_init(void)     
  44          {       
  45   1          adc_init(AD_CHANNEL, 0x1);        
  46   1        pca_init_interrupt_ms(PCA_0, EXPOSURE_TIME);
  47   1      }
  48          
C51 COMPILER V9.01   SEEKFREE_TSL1401                                                      07/15/2020 14:47:15 PAGE 2   

  49          //--------------------------------------------------------------------------------------------------------
             ------------
  50          //  @brief      TSL1401çº¿é˜µCCDå›¾åƒå‘é€è‡³ä¸Šä½æœºæŸ¥çœ‹å›¾åƒ
  51          //  @param      uart_n      ä¸²å£å·
  52          //  @param      uart_n      çº¿æ€§CCDæ•°æ®æŒ‡é’ˆ
  53          //  @return     void      
  54          //  @since      v1.0
  55          //  Sample usage:       è°ƒç”¨è¯¥å‡½æ•°å‰è¯·å…ˆåˆå§‹åŒ–ä¸²å£
  56          //--------------------------------------------------------------------------------------------------------
             ------------
  57          void ccd_send_data(UARTN_enum uart_n ,uint16 *dat)
  58          {
  59   1         uint8 i = 0;
  60   1         uart_putchar(uart_n, 0x00); 
  61   1         uart_putchar(uart_n, 0xff);
  62   1         uart_putchar(uart_n, 0x01);
  63   1         uart_putchar(uart_n, 0x00);
  64   1         
  65   1        for(i=0; i<128; i++)        
  66   1        {
  67   2          uart_putchar(uart_n, (uint8)dat[i]>>8);   //å‘é€é«˜8ä½
  68   2          uart_putchar(uart_n, (uint8)dat[i]&0XFF); //å‘é€é«˜ä½8ä½                 
  69   2        }
  70   1      }
  71          
  72          
  73          //--------------------------------------------------------------------------------------------------------
             ------------
  74          //  @brief      TSL1401çº¿é˜µCCDæ•°æ®é‡‡é›†
  75          //  @param      NULL
  76          //  @return     void
  77          //  @since      v1.0
  78          //  Sample usage:       åœ¨isr.cé‡Œé¢å…ˆåˆ›å»ºå¯¹åº”çš„ä¸­æ–­å‡½æ•°ï¼Œç„¶åè°ƒç”¨è¯¥å‡½æ•°(ä¹‹ååˆ«å¿˜è®°æ
             -¸…é™¤ä¸­æ–­æ ‡å¿—ä½)
  79          //--------------------------------------------------------------------------------------------------------
             ------------
  80          void ccd_collect(void)
  81          {
  82   1          uint8 i = 0;
  83   1      
  84   1          CCD_CLK(1);
  85   1          CCD_SI(0);
  86   1        CCD_CLK(0);
  87   1          CCD_SI(1);
  88   1          CCD_CLK(1);
  89   1          CCD_SI(0);
  90   1        
  91   1          for(i=0;i<128;i++)
  92   1          {
  93   2          CCD_CLK(0);  
  94   2          ccd_data[i] = adc_once(AD_CHANNEL, ADC_10BIT); 
  95   2          CCD_CLK(1); 
  96   2          }
  97   1      }


MODULE INFORMATION:   STATIC OVERLAYABLE
   CODE SIZE        =    225    ----
   CONSTANT SIZE    =   ----    ----
   XDATA SIZE       =    257       6
   PDATA SIZE       =   ----    ----
   DATA SIZE        =   ----    ----
C51 COMPILER V9.01   SEEKFREE_TSL1401                                                      07/15/2020 14:47:15 PAGE 3   

   IDATA SIZE       =   ----    ----
   BIT SIZE         =   ----    ----
END OF MODULE INFORMATION.


C51 COMPILATION COMPLETE.  0 WARNING(S),  0 ERROR(S)
