C51 COMPILER V9.01   ZF_DELAY                                                              07/15/2020 14:47:14 PAGE 1   


C51 COMPILER V9.01, COMPILATION OF MODULE ZF_DELAY
OBJECT MODULE PLACED IN .\Out_File\zf_delay.obj
COMPILER INVOKED BY: C:\Keil_v5\C51\BIN\C51.EXE ..\..\Libraries\seekfree_libraries\zf_delay.c LARGE OPTIMIZE(8,SPEED) BR
                    -OWSE INCDIR(..\..\Libraries\libraries;..\..\Libraries\seekfree_libraries;..\..\Libraries\seekfree_peripheral;..\USER\inc
                    -;..\USER\src;..\CODE) DEBUG OBJECTEXTEND PRINT(.\Out_File\zf_delay.lst) TABS(2) OBJECT(.\Out_File\zf_delay.obj)

line level    source

   1          /*********************************************************************************************************
             -************
   2           * COPYRIGHT NOTICE
   3           * Copyright (c) 2020,逐飞科技
   4           * All rights reserved.
   5           * 技术讨论QQ群：一群：179029047(已满)  二群：244861897(已满)  三群：824575535
   6           *
   7           * 以下所有内容版权均属逐飞科技所有，未经允许不得用于商业用途，
   8           * 欢迎各位使用并传播本程序，修改内容时必须保留逐飞科技的版权声明。
   9           *
  10           * @file          delay
  11           * @company       成都逐飞科技有限公司
  12           * @author        逐飞科技(QQ790875685)
  13           * @version       查看doc内version文件 版本说明
  14           * @Software    MDK FOR C51 V9.60
  15           * @Target core   STC8A8K64S4
  16           * @Taobao      https://seekfree.taobao.com/
  17           * @date          2020-4-14
  18           *********************************************************************************************************
             -***********/
  19          
  20          
  21          #include "zf_delay.h"
  22          
  23          
  24          
  25          
  26          //--------------------------------------------------------------------------------------------------------
             ------------
  27          //  @brief      软件延时函数//内部时钟频率33.1776Mhz
  28          //  @param      x             需要延时的时间（ms）
  29          //  @return     void
  30          //  Sample usage:               无需用户调用，用户请使用h文件中的宏定义
  31          //--------------------------------------------------------------------------------------------------------
             ------------
  32          void delay_ms(uint16 x)
  33          {
  34   1          uint8 i,j;
  35   1          while(x--)
  36   1          {
  37   2          _nop_();
  38   2          _nop_();
  39   2          i = 44;
  40   2          j = 19;
  41   2          do
  42   2          {
  43   3            while (--j);
  44   3          } while (--i);
  45   2          }
  46   1      }
  47          
  48          //--------------------------------------------------------------------------------------------------------
             ------------
C51 COMPILER V9.01   ZF_DELAY                                                              07/15/2020 14:47:14 PAGE 2   

  49          //  @brief      软件延时函数//内部时钟频率33.1776Mhz
  50          //  @param      x             需要延时的时间（us）
  51          //  @return     void
  52          //  Sample usage:               无需用户调用，用户请使用h文件中的宏定义
  53          //--------------------------------------------------------------------------------------------------------
             ------------
  54          void delay_us2(uint16 x)
  55          {
  56   1          uint8 i;
  57   1          while(x--)
  58   1          {
  59   2          i = 9;
  60   2          while (--i);
  61   2          }
  62   1      }
  63          
  64          
  65          


MODULE INFORMATION:   STATIC OVERLAYABLE
   CODE SIZE        =     42    ----
   CONSTANT SIZE    =   ----    ----
   XDATA SIZE       =   ----    ----
   PDATA SIZE       =   ----    ----
   DATA SIZE        =   ----    ----
   IDATA SIZE       =   ----    ----
   BIT SIZE         =   ----    ----
END OF MODULE INFORMATION.


C51 COMPILATION COMPLETE.  0 WARNING(S),  0 ERROR(S)
