C51 COMPILER V9.01   ZF_PCA_DELAY                                                          07/03/2020 15:17:21 PAGE 1   


C51 COMPILER V9.01, COMPILATION OF MODULE ZF_PCA_DELAY
OBJECT MODULE PLACED IN .\Out_File\zf_pca_delay.obj
COMPILER INVOKED BY: C:\Keil_v5\C51\BIN\C51.EXE ..\..\Libraries\seekfree_libraries\zf_pca_delay.c LARGE OPTIMIZE(8,SPEED
                    -) BROWSE INCDIR(..\..\Libraries\libraries;..\..\Libraries\seekfree_libraries;..\..\Libraries\seekfree_peripheral;..\USER
                    -\inc;..\USER\src;..\CODE) DEBUG OBJECTEXTEND PRINT(.\Out_File\zf_pca_delay.lst) TABS(2) OBJECT(.\Out_File\zf_pca_delay.o
                    -bj)

line level    source

   1          /*********************************************************************************************************
             -************
   2           * COPYRIGHT NOTICE
   3           * Copyright (c) 2020,逐飞科技
   4           * All rights reserved.
   5           * 技术讨论QQ群：一群：179029047(已满)  二群：244861897(已满)  三群：824575535
   6           *
   7           * 以下所有内容版权均属逐飞科技所有，未经允许不得用于商业用途，
   8           * 欢迎各位使用并传播本程序，修改内容时必须保留逐飞科技的版权声明。
   9           *
  10           * @file          delay
  11           * @company       成都逐飞科技有限公司
  12           * @author        逐飞科技(QQ790875685)
  13           * @version       查看doc内version文件 版本说明
  14           * @Software    MDK FOR C51 V9.60
  15           * @Target core   STC8A8K64S4
  16           * @Taobao      https://seekfree.taobao.com/
  17           * @date          2020-4-14
  18           *********************************************************************************************************
             -***********/
  19          
  20          #include "zf_pca_delay.h"
  21          #include "board.h"
  22          
  23          
  24          uint16 pca_delay_1ms = 0;
  25          //--------------------------------------------------------------------------------------------------------
             ------------
  26          //  @brief      pca延时初始化（使用pca_3模块）
  27          //  @param      NULL              
  28          //  @return     void
  29          //  Sample usage:               无需用户调用，用户请使用h文件中的宏定义
  30          //--------------------------------------------------------------------------------------------------------
             ------------
  31          void pca_dealy_init(void)
  32          {
  33   1        pca_delay_1ms = ((sys_clk) / (12 * 1000));
  34   1        
  35   1        CCAPM3 = 0x48;  //PCA_2作为软件延时
  36   1        CMOD = 0X00;  //频率=FSOC/12
  37   1        CR = 1;     //启动计数
  38   1      }
  39          
  40          //--------------------------------------------------------------------------------------------------------
             ------------
  41          //  @brief      内部使用用户无需关心
  42          //  @param      NULL              
  43          //  @return     void
  44          //  Sample usage:               无需用户调用，用户请使用h文件中的宏定义
  45          //--------------------------------------------------------------------------------------------------------
             ------------
  46          void pca_delay(void)
C51 COMPILER V9.01   ZF_PCA_DELAY                                                          07/03/2020 15:17:21 PAGE 2   

  47          {
  48   1        uint16 temp;
  49   1      
  50   1        temp = (CH<<8 | CL) + pca_delay_1ms;
  51   1        
  52   1        CCAP3L = temp;
  53   1        CCAP3H = (temp >> 8); 
  54   1        
  55   1        while(CCF3 == 0);
  56   1        CCF3 = 0;
  57   1      }
  58          
  59          
  60          //--------------------------------------------------------------------------------------------------------
             ------------
  61          //  @brief      pca延时函数
  62          //  @param      x             需要延时的时间（us）
  63          //  @return     void
  64          //  Sample usage:               无需用户调用，用户请使用h文件中的宏定义
  65          //--------------------------------------------------------------------------------------------------------
             ------------
  66          void pca_delay_ms(uint16 ms)
  67          {
  68   1        while(ms--) pca_delay();
  69   1      }
  70          


MODULE INFORMATION:   STATIC OVERLAYABLE
   CODE SIZE        =     90    ----
   CONSTANT SIZE    =   ----    ----
   XDATA SIZE       =      2    ----
   PDATA SIZE       =   ----    ----
   DATA SIZE        =   ----    ----
   IDATA SIZE       =   ----    ----
   BIT SIZE         =   ----    ----
END OF MODULE INFORMATION.


C51 COMPILATION COMPLETE.  0 WARNING(S),  0 ERROR(S)
